  [1m[35m (1.6ms)[0m  [1m[35mCREATE TABLE "schema_migrations" ("version" varchar NOT NULL PRIMARY KEY)[0m
  [1m[35m (1.8ms)[0m  [1m[35mCREATE TABLE "ar_internal_metadata" ("key" varchar NOT NULL PRIMARY KEY, "value" varchar, "created_at" datetime(6) NOT NULL, "updated_at" datetime(6) NOT NULL)[0m
  [1m[36mActiveRecord::InternalMetadata Load (0.2ms)[0m  [1m[34mSELECT "ar_internal_metadata".* FROM "ar_internal_metadata" WHERE "ar_internal_metadata"."key" = ? LIMIT ?[0m  [["key", "environment"], ["LIMIT", 1]]
  [1m[36mTRANSACTION (0.1ms)[0m  [1m[36mbegin transaction[0m
  [1m[36mActiveRecord::InternalMetadata Create (0.5ms)[0m  [1m[32mINSERT INTO "ar_internal_metadata" ("key", "value", "created_at", "updated_at") VALUES (?, ?, ?, ?)[0m  [["key", "environment"], ["value", "development"], ["created_at", "2023-01-23 08:43:12.252783"], ["updated_at", "2023-01-23 08:43:12.252783"]]
  [1m[36mTRANSACTION (1.0ms)[0m  [1m[36mcommit transaction[0m
  [1m[36mActiveRecord::SchemaMigration Pluck (0.1ms)[0m  [1m[34mSELECT "schema_migrations"."version" FROM "schema_migrations" ORDER BY "schema_migrations"."version" ASC[0m
  [1m[35m (1.4ms)[0m  [1m[35mCREATE TABLE "schema_migrations" ("version" varchar NOT NULL PRIMARY KEY)[0m
  [1m[35m (2.2ms)[0m  [1m[35mCREATE TABLE "ar_internal_metadata" ("key" varchar NOT NULL PRIMARY KEY, "value" varchar, "created_at" datetime(6) NOT NULL, "updated_at" datetime(6) NOT NULL)[0m
  [1m[36mActiveRecord::SchemaMigration Pluck (0.2ms)[0m  [1m[34mSELECT "schema_migrations"."version" FROM "schema_migrations" ORDER BY "schema_migrations"."version" ASC[0m
Migrating to CreateProducts (20230123084747)
  [1m[36mTRANSACTION (0.1ms)[0m  [1m[36mbegin transaction[0m
  [1m[35m (0.4ms)[0m  [1m[35mCREATE TABLE "products" ("id" integer PRIMARY KEY AUTOINCREMENT NOT NULL, "title" varchar, "description" text, "image_url" varchar, "price" decimal, "created_at" datetime(6) NOT NULL, "updated_at" datetime(6) NOT NULL)[0m
  [1m[36mActiveRecord::SchemaMigration Create (0.2ms)[0m  [1m[32mINSERT INTO "schema_migrations" ("version") VALUES (?)[0m  [["version", "20230123084747"]]
  [1m[36mTRANSACTION (1.1ms)[0m  [1m[36mcommit transaction[0m
  [1m[36mActiveRecord::InternalMetadata Load (0.2ms)[0m  [1m[34mSELECT "ar_internal_metadata".* FROM "ar_internal_metadata" WHERE "ar_internal_metadata"."key" = ? LIMIT ?[0m  [["key", "environment"], ["LIMIT", 1]]
  [1m[36mTRANSACTION (0.1ms)[0m  [1m[36mbegin transaction[0m
  [1m[36mActiveRecord::InternalMetadata Create (0.5ms)[0m  [1m[32mINSERT INTO "ar_internal_metadata" ("key", "value", "created_at", "updated_at") VALUES (?, ?, ?, ?)[0m  [["key", "environment"], ["value", "development"], ["created_at", "2023-01-23 08:48:20.606103"], ["updated_at", "2023-01-23 08:48:20.606103"]]
  [1m[36mTRANSACTION (0.8ms)[0m  [1m[36mcommit transaction[0m
  [1m[36mActiveRecord::SchemaMigration Pluck (0.1ms)[0m  [1m[34mSELECT "schema_migrations"."version" FROM "schema_migrations" ORDER BY "schema_migrations"."version" ASC[0m
Started GET "/" for 127.0.0.1 at 2023-01-23 03:22:14 -0600
  [1m[36mActiveRecord::SchemaMigration Pluck (0.6ms)[0m  [1m[34mSELECT "schema_migrations"."version" FROM "schema_migrations" ORDER BY "schema_migrations"."version" ASC[0m
Processing by Rails::WelcomeController#index as HTML
  Rendering /Users/robertrodes/.rbenv/versions/3.1.2/lib/ruby/gems/3.1.0/gems/railties-7.0.4/lib/rails/templates/rails/welcome/index.html.erb
  Rendered /Users/robertrodes/.rbenv/versions/3.1.2/lib/ruby/gems/3.1.0/gems/railties-7.0.4/lib/rails/templates/rails/welcome/index.html.erb (Duration: 3.1ms | Allocations: 584)
Completed 200 OK in 34ms (Views: 13.0ms | ActiveRecord: 0.0ms | Allocations: 4662)


Started GET "/products" for 127.0.0.1 at 2023-01-23 03:22:57 -0600
Processing by ProductsController#index as HTML
  Rendering layout layouts/application.html.erb
  Rendering products/index.html.erb within layouts/application
  [1m[36mProduct Load (0.9ms)[0m  [1m[34mSELECT "products".* FROM "products"[0m
  ↳ app/views/products/index.html.erb:12
  Rendered collection of templates [0 times] (Duration: 0.1ms | Allocations: 31)
  Rendered products/index.html.erb within layouts/application (Duration: 11.4ms | Allocations: 1538)
  Rendered layout layouts/application.html.erb (Duration: 597.6ms | Allocations: 136350)
Completed 200 OK in 608ms (Views: 598.5ms | ActiveRecord: 0.9ms | Allocations: 138151)


Started GET "/products/new" for 127.0.0.1 at 2023-01-23 03:23:48 -0600
Processing by ProductsController#new as HTML
  Rendering layout layouts/application.html.erb
  Rendering products/new.html.erb within layouts/application
  Rendered products/_form.html.erb (Duration: 49.3ms | Allocations: 5504)
  Rendered products/new.html.erb within layouts/application (Duration: 51.5ms | Allocations: 5849)
  Rendered layout layouts/application.html.erb (Duration: 76.6ms | Allocations: 12574)
Completed 200 OK in 119ms (Views: 77.9ms | ActiveRecord: 1.1ms | Allocations: 20336)


Started POST "/products" for 127.0.0.1 at 2023-01-23 03:24:08 -0600
Processing by ProductsController#create as TURBO_STREAM
  Parameters: {"authenticity_token"=>"[FILTERED]", "product"=>{"title"=>"Test", "description"=>"This is a test", "image_url"=>"", "price"=>"10.00"}, "commit"=>"Create Product"}
  [1m[36mTRANSACTION (0.2ms)[0m  [1m[36mbegin transaction[0m
  ↳ app/controllers/products_controller.rb:27:in `block in create'
  [1m[36mProduct Create (5.5ms)[0m  [1m[32mINSERT INTO "products" ("title", "description", "image_url", "price", "created_at", "updated_at") VALUES (?, ?, ?, ?, ?, ?)[0m  [["title", "Test"], ["description", "This is a test"], ["image_url", ""], ["price", 10.0], ["created_at", "2023-01-23 09:24:08.243218"], ["updated_at", "2023-01-23 09:24:08.243218"]]
  ↳ app/controllers/products_controller.rb:27:in `block in create'
  [1m[36mTRANSACTION (2.0ms)[0m  [1m[36mcommit transaction[0m
  ↳ app/controllers/products_controller.rb:27:in `block in create'
Redirected to http://localhost:3000/products/1
Completed 302 Found in 23ms (ActiveRecord: 7.7ms | Allocations: 3829)


Started GET "/products/1" for 127.0.0.1 at 2023-01-23 03:24:08 -0600
Processing by ProductsController#show as TURBO_STREAM
  Parameters: {"id"=>"1"}
  [1m[36mProduct Load (0.2ms)[0m  [1m[34mSELECT "products".* FROM "products" WHERE "products"."id" = ? LIMIT ?[0m  [["id", 1], ["LIMIT", 1]]
  ↳ app/controllers/products_controller.rb:63:in `set_product'
  Rendering layout layouts/application.html.erb
  Rendering products/show.html.erb within layouts/application
  Rendered products/_product.html.erb (Duration: 1.4ms | Allocations: 345)
  Rendered products/show.html.erb within layouts/application (Duration: 8.9ms | Allocations: 1720)
  Rendered layout layouts/application.html.erb (Duration: 24.3ms | Allocations: 8427)
Completed 200 OK in 31ms (Views: 24.9ms | ActiveRecord: 0.2ms | Allocations: 11218)


Started GET "/products" for 127.0.0.1 at 2023-01-23 03:24:13 -0600
Processing by ProductsController#index as HTML
  Rendering layout layouts/application.html.erb
  Rendering products/index.html.erb within layouts/application
  [1m[36mProduct Load (0.1ms)[0m  [1m[34mSELECT "products".* FROM "products"[0m
  ↳ app/views/products/index.html.erb:12
  Rendered collection of products/_product.html.erb [1 times] (Duration: 1.4ms | Allocations: 409)
  Rendered products/index.html.erb within layouts/application (Duration: 3.9ms | Allocations: 1452)
  Rendered layout layouts/application.html.erb (Duration: 13.4ms | Allocations: 8051)
Completed 200 OK in 15ms (Views: 13.8ms | ActiveRecord: 0.1ms | Allocations: 8356)


Started GET "/products/1/edit" for 127.0.0.1 at 2023-01-23 03:24:20 -0600
Processing by ProductsController#edit as HTML
  Parameters: {"id"=>"1"}
  [1m[36mProduct Load (0.2ms)[0m  [1m[34mSELECT "products".* FROM "products" WHERE "products"."id" = ? LIMIT ?[0m  [["id", 1], ["LIMIT", 1]]
  ↳ app/controllers/products_controller.rb:63:in `set_product'
  Rendering layout layouts/application.html.erb
  Rendering products/edit.html.erb within layouts/application
  Rendered products/_form.html.erb (Duration: 3.4ms | Allocations: 1666)
  Rendered products/edit.html.erb within layouts/application (Duration: 4.8ms | Allocations: 1956)
  Rendered layout layouts/application.html.erb (Duration: 22.8ms | Allocations: 8546)
Completed 200 OK in 28ms (Views: 23.5ms | ActiveRecord: 0.2ms | Allocations: 9373)


Started PATCH "/products/1" for 127.0.0.1 at 2023-01-23 03:24:27 -0600
Processing by ProductsController#update as TURBO_STREAM
  Parameters: {"authenticity_token"=>"[FILTERED]", "product"=>{"title"=>"Test", "description"=>"This is a test", "image_url"=>"", "price"=>"10.0"}, "commit"=>"Update Product", "id"=>"1"}
  [1m[36mProduct Load (0.1ms)[0m  [1m[34mSELECT "products".* FROM "products" WHERE "products"."id" = ? LIMIT ?[0m  [["id", 1], ["LIMIT", 1]]
  ↳ app/controllers/products_controller.rb:63:in `set_product'
Redirected to http://localhost:3000/products/1
Completed 302 Found in 4ms (ActiveRecord: 0.1ms | Allocations: 1270)


Started GET "/products/1" for 127.0.0.1 at 2023-01-23 03:24:27 -0600
Processing by ProductsController#show as TURBO_STREAM
  Parameters: {"id"=>"1"}
  [1m[36mProduct Load (0.1ms)[0m  [1m[34mSELECT "products".* FROM "products" WHERE "products"."id" = ? LIMIT ?[0m  [["id", 1], ["LIMIT", 1]]
  ↳ app/controllers/products_controller.rb:63:in `set_product'
  Rendering layout layouts/application.html.erb
  Rendering products/show.html.erb within layouts/application
  Rendered products/_product.html.erb (Duration: 0.1ms | Allocations: 26)
  Rendered products/show.html.erb within layouts/application (Duration: 1.1ms | Allocations: 618)
  Rendered layout layouts/application.html.erb (Duration: 24.2ms | Allocations: 7232)
Completed 200 OK in 28ms (Views: 25.9ms | ActiveRecord: 0.1ms | Allocations: 7970)


Started DELETE "/products/1" for 127.0.0.1 at 2023-01-23 03:24:30 -0600
Processing by ProductsController#destroy as TURBO_STREAM
  Parameters: {"authenticity_token"=>"[FILTERED]", "id"=>"1"}
  [1m[36mProduct Load (0.1ms)[0m  [1m[34mSELECT "products".* FROM "products" WHERE "products"."id" = ? LIMIT ?[0m  [["id", 1], ["LIMIT", 1]]
  ↳ app/controllers/products_controller.rb:63:in `set_product'
  [1m[36mTRANSACTION (0.1ms)[0m  [1m[36mbegin transaction[0m
  ↳ app/controllers/products_controller.rb:52:in `destroy'
  [1m[36mProduct Destroy (2.4ms)[0m  [1m[31mDELETE FROM "products" WHERE "products"."id" = ?[0m  [["id", 1]]
  ↳ app/controllers/products_controller.rb:52:in `destroy'
  [1m[36mTRANSACTION (1.6ms)[0m  [1m[36mcommit transaction[0m
  ↳ app/controllers/products_controller.rb:52:in `destroy'
Redirected to http://localhost:3000/products
Completed 302 Found in 9ms (ActiveRecord: 4.1ms | Allocations: 2482)


Started GET "/products" for 127.0.0.1 at 2023-01-23 03:24:30 -0600
Processing by ProductsController#index as TURBO_STREAM
  Rendering layout layouts/application.html.erb
  Rendering products/index.html.erb within layouts/application
  [1m[36mProduct Load (0.1ms)[0m  [1m[34mSELECT "products".* FROM "products"[0m
  ↳ app/views/products/index.html.erb:12
  Rendered collection of templates [0 times] (Duration: 0.0ms | Allocations: 15)
  Rendered products/index.html.erb within layouts/application (Duration: 2.1ms | Allocations: 863)
  Rendered layout layouts/application.html.erb (Duration: 14.7ms | Allocations: 7467)
Completed 200 OK in 16ms (Views: 15.1ms | ActiveRecord: 0.1ms | Allocations: 7740)


Started GET "/products" for 127.0.0.1 at 2023-01-23 03:27:37 -0600
Processing by ProductsController#index as HTML
  Rendering layout layouts/application.html.erb
  Rendering products/index.html.erb within layouts/application
  [1m[36mProduct Load (0.5ms)[0m  [1m[34mSELECT "products".* FROM "products"[0m
  ↳ app/views/products/index.html.erb:12
  Rendered collection of templates [0 times] (Duration: 0.1ms | Allocations: 17)
  Rendered products/index.html.erb within layouts/application (Duration: 15.5ms | Allocations: 1239)
  Rendered layout layouts/application.html.erb (Duration: 54.1ms | Allocations: 8241)
Completed 200 OK in 66ms (Views: 60.6ms | ActiveRecord: 0.5ms | Allocations: 9062)


Started GET "/products/new" for 127.0.0.1 at 2023-01-23 03:27:39 -0600
Processing by ProductsController#new as HTML
  Rendering layout layouts/application.html.erb
  Rendering products/new.html.erb within layouts/application
  Rendered products/_form.html.erb (Duration: 6.9ms | Allocations: 1975)
  Rendered products/new.html.erb within layouts/application (Duration: 8.3ms | Allocations: 2253)
  Rendered layout layouts/application.html.erb (Duration: 19.9ms | Allocations: 8859)
Completed 200 OK in 23ms (Views: 20.4ms | ActiveRecord: 0.0ms | Allocations: 9211)


Started POST "/products" for 127.0.0.1 at 2023-01-23 03:28:15 -0600
Processing by ProductsController#create as TURBO_STREAM
  Parameters: {"authenticity_token"=>"[FILTERED]", "product"=>{"title"=>"Test", "description"=>"This is a test test now is the time the quick brown fox jumped over the big lazy dog.", "image_url"=>"", "price"=>"20.00"}, "commit"=>"Create Product"}
  [1m[36mTRANSACTION (0.3ms)[0m  [1m[36mbegin transaction[0m
  ↳ app/controllers/products_controller.rb:27:in `block in create'
  [1m[36mProduct Create (0.8ms)[0m  [1m[32mINSERT INTO "products" ("title", "description", "image_url", "price", "created_at", "updated_at") VALUES (?, ?, ?, ?, ?, ?)[0m  [["title", "Test"], ["description", "This is a test test now is the time the quick brown fox jumped over the big lazy dog."], ["image_url", ""], ["price", 20.0], ["created_at", "2023-01-23 09:28:15.100069"], ["updated_at", "2023-01-23 09:28:15.100069"]]
  ↳ app/controllers/products_controller.rb:27:in `block in create'
  [1m[36mTRANSACTION (1.0ms)[0m  [1m[36mcommit transaction[0m
  ↳ app/controllers/products_controller.rb:27:in `block in create'
Redirected to http://localhost:3000/products/2
Completed 302 Found in 14ms (ActiveRecord: 2.1ms | Allocations: 2359)


Started GET "/products/2" for 127.0.0.1 at 2023-01-23 03:28:15 -0600
Processing by ProductsController#show as TURBO_STREAM
  Parameters: {"id"=>"2"}
  [1m[36mProduct Load (0.2ms)[0m  [1m[34mSELECT "products".* FROM "products" WHERE "products"."id" = ? LIMIT ?[0m  [["id", 2], ["LIMIT", 1]]
  ↳ app/controllers/products_controller.rb:63:in `set_product'
  Rendering layout layouts/application.html.erb
  Rendering products/show.html.erb within layouts/application
  Rendered products/_product.html.erb (Duration: 1.1ms | Allocations: 280)
  Rendered products/show.html.erb within layouts/application (Duration: 5.0ms | Allocations: 1213)
  Rendered layout layouts/application.html.erb (Duration: 26.6ms | Allocations: 7803)
Completed 200 OK in 30ms (Views: 27.2ms | ActiveRecord: 0.2ms | Allocations: 8672)


Started DELETE "/products/2" for 127.0.0.1 at 2023-01-23 03:29:37 -0600
Processing by ProductsController#destroy as TURBO_STREAM
  Parameters: {"authenticity_token"=>"[FILTERED]", "id"=>"2"}
  [1m[36mProduct Load (0.2ms)[0m  [1m[34mSELECT "products".* FROM "products" WHERE "products"."id" = ? LIMIT ?[0m  [["id", 2], ["LIMIT", 1]]
  ↳ app/controllers/products_controller.rb:63:in `set_product'
  [1m[36mTRANSACTION (0.1ms)[0m  [1m[36mbegin transaction[0m
  ↳ app/controllers/products_controller.rb:52:in `destroy'
  [1m[36mProduct Destroy (0.7ms)[0m  [1m[31mDELETE FROM "products" WHERE "products"."id" = ?[0m  [["id", 2]]
  ↳ app/controllers/products_controller.rb:52:in `destroy'
  [1m[36mTRANSACTION (2.2ms)[0m  [1m[36mcommit transaction[0m
  ↳ app/controllers/products_controller.rb:52:in `destroy'
Redirected to http://localhost:3000/products
Completed 302 Found in 12ms (ActiveRecord: 3.2ms | Allocations: 2377)


Started GET "/products" for 127.0.0.1 at 2023-01-23 03:29:37 -0600
Processing by ProductsController#index as TURBO_STREAM
  Rendering layout layouts/application.html.erb
  Rendering products/index.html.erb within layouts/application
  [1m[36mProduct Load (0.1ms)[0m  [1m[34mSELECT "products".* FROM "products"[0m
  ↳ app/views/products/index.html.erb:12
  Rendered collection of templates [0 times] (Duration: 0.1ms | Allocations: 13)
  Rendered products/index.html.erb within layouts/application (Duration: 1.9ms | Allocations: 869)
  Rendered layout layouts/application.html.erb (Duration: 24.8ms | Allocations: 7466)
Completed 200 OK in 27ms (Views: 25.3ms | ActiveRecord: 0.1ms | Allocations: 7741)


Started GET "/products/new" for 127.0.0.1 at 2023-01-23 03:29:39 -0600
Processing by ProductsController#new as HTML
  Rendering layout layouts/application.html.erb
  Rendering products/new.html.erb within layouts/application
  Rendered products/_form.html.erb (Duration: 3.1ms | Allocations: 1468)
  Rendered products/new.html.erb within layouts/application (Duration: 3.4ms | Allocations: 1566)
  Rendered layout layouts/application.html.erb (Duration: 13.5ms | Allocations: 8167)
Completed 200 OK in 15ms (Views: 14.0ms | ActiveRecord: 0.0ms | Allocations: 8441)


Started POST "/products" for 127.0.0.1 at 2023-01-23 03:30:41 -0600
Processing by ProductsController#create as TURBO_STREAM
  Parameters: {"authenticity_token"=>"[FILTERED]", "product"=>{"title"=>"Docker for Rails Developers", "description"=>"<p>\n<em>Build, Ship, and Run Your Applications\nEverywhere</em> Docker does for DevOps what Rails did\nfor web development—it gives you a new set of\nsuperpowers. Gone are “works on my machine” woes and\nlengthy setup tasks, replaced instead by a simple,\nconsistent, Docker-based development environment that\nwill have your team up and running in seconds.\n</p>", "image_url"=>"ridocker.jpg", "price"=>"19.95"}, "commit"=>"Create Product"}
  [1m[36mTRANSACTION (0.1ms)[0m  [1m[36mbegin transaction[0m
  ↳ app/controllers/products_controller.rb:27:in `block in create'
  [1m[36mProduct Create (0.8ms)[0m  [1m[32mINSERT INTO "products" ("title", "description", "image_url", "price", "created_at", "updated_at") VALUES (?, ?, ?, ?, ?, ?)[0m  [["title", "Docker for Rails Developers"], ["description", "<p>\n<em>Build, Ship, and Run Your Applications\nEverywhere</em> Docker does for DevOps what Rails did\nfor web development—it gives you a new set of\nsuperpowers. Gone are “works on my machine” woes and\nlengthy setup tasks, replaced instead by a simple,\nconsistent, Docker-based development environment that\nwill have your team up and running in seconds.\n</p>"], ["image_url", "ridocker.jpg"], ["price", 19.95], ["created_at", "2023-01-23 09:30:41.884028"], ["updated_at", "2023-01-23 09:30:41.884028"]]
  ↳ app/controllers/products_controller.rb:27:in `block in create'
  [1m[36mTRANSACTION (0.9ms)[0m  [1m[36mcommit transaction[0m
  ↳ app/controllers/products_controller.rb:27:in `block in create'
Redirected to http://localhost:3000/products/3
Completed 302 Found in 9ms (ActiveRecord: 1.8ms | Allocations: 2227)


Started GET "/products/3" for 127.0.0.1 at 2023-01-23 03:30:41 -0600
Processing by ProductsController#show as TURBO_STREAM
  Parameters: {"id"=>"3"}
  [1m[36mProduct Load (0.2ms)[0m  [1m[34mSELECT "products".* FROM "products" WHERE "products"."id" = ? LIMIT ?[0m  [["id", 3], ["LIMIT", 1]]
  ↳ app/controllers/products_controller.rb:63:in `set_product'
  Rendering layout layouts/application.html.erb
  Rendering products/show.html.erb within layouts/application
  Rendered products/_product.html.erb (Duration: 1.0ms | Allocations: 33)
  Rendered products/show.html.erb within layouts/application (Duration: 2.9ms | Allocations: 609)
  Rendered layout layouts/application.html.erb (Duration: 23.8ms | Allocations: 7198)
Completed 200 OK in 26ms (Views: 24.7ms | ActiveRecord: 0.2ms | Allocations: 7933)


Started GET "/products" for 127.0.0.1 at 2023-01-23 03:31:16 -0600
Processing by ProductsController#index as HTML
  Rendering layout layouts/application.html.erb
  Rendering products/index.html.erb within layouts/application
  [1m[36mProduct Load (0.1ms)[0m  [1m[34mSELECT "products".* FROM "products"[0m
  ↳ app/views/products/index.html.erb:12
  Rendered collection of products/_product.html.erb [1 times] (Duration: 2.1ms | Allocations: 390)
  Rendered products/index.html.erb within layouts/application (Duration: 4.2ms | Allocations: 1290)
  Rendered layout layouts/application.html.erb (Duration: 17.9ms | Allocations: 7912)
Completed 200 OK in 19ms (Views: 18.2ms | ActiveRecord: 0.1ms | Allocations: 8183)


  [1m[36mActiveRecord::SchemaMigration Pluck (0.5ms)[0m  [1m[34mSELECT "schema_migrations"."version" FROM "schema_migrations" ORDER BY "schema_migrations"."version" ASC[0m
  [1m[36mProduct Delete All (2.1ms)[0m  [1m[31mDELETE FROM "products"[0m
  [1m[36mTRANSACTION (0.1ms)[0m  [1m[36mbegin transaction[0m
  [1m[36mProduct Create (0.8ms)[0m  [1m[32mINSERT INTO "products" ("title", "description", "image_url", "price", "created_at", "updated_at") VALUES (?, ?, ?, ?, ?, ?)[0m  [["title", "Docker for Rails Developers"], ["description", "<p>\n      <em>Build, Ship, and Run Your Applications Everywhere</em> Docker does\n      for DevOps what Rails did for web development—it gives you a new set\n      of superpowers. Gone are “works on my machine” woes and lengthy setup\n      tasks, replaced instead by a simple, consistent, Docker-based\n      development environment that will have your team up and running in\n      seconds.  Gain hands-on, real-world experience with a tool that’s\n      rapidly becoming fundamental to software development. Go from zero all\n      the way to production as Docker transforms the massive leap of\n      deploying your app in the cloud into a baby step.\n      </p>"], ["image_url", "ridocker.jpg"], ["price", 19.95], ["created_at", "2023-01-23 09:39:53.455662"], ["updated_at", "2023-01-23 09:39:53.455662"]]
  [1m[36mTRANSACTION (2.1ms)[0m  [1m[36mcommit transaction[0m
  [1m[36mTRANSACTION (0.0ms)[0m  [1m[36mbegin transaction[0m
  [1m[36mProduct Create (0.3ms)[0m  [1m[32mINSERT INTO "products" ("title", "description", "image_url", "price", "created_at", "updated_at") VALUES (?, ?, ?, ?, ?, ?)[0m  [["title", "Design and Build Great Web APIs"], ["description", "<p>\n      <em>Robust, Reliable, and Resilient</em>\n      APIs are transforming the business world at an increasing pace. Gain\n      the essential skills needed to quickly design, build, and deploy\n      quality web APIs that are robust, reliable, and resilient. Go from\n      initial design through prototyping and implementation to deployment of\n      mission-critical APIs for your organization. Test, secure, and deploy\n      your API with confidence and avoid the “release into production”\n      panic. Tackle just about any API challenge with more than a dozen\n      open-source utilities and common programming patterns you can apply\n      right away.\n      </p>"], ["image_url", "maapis.jpg"], ["price", 24.95], ["created_at", "2023-01-23 09:39:53.462592"], ["updated_at", "2023-01-23 09:39:53.462592"]]
  [1m[36mTRANSACTION (0.8ms)[0m  [1m[36mcommit transaction[0m
  [1m[36mTRANSACTION (0.0ms)[0m  [1m[36mbegin transaction[0m
  [1m[36mProduct Create (0.3ms)[0m  [1m[32mINSERT INTO "products" ("title", "description", "image_url", "price", "created_at", "updated_at") VALUES (?, ?, ?, ?, ?, ?)[0m  [["title", "Modern CSS with Tailwind"], ["description", "<p>\n      <em>Flexible Styling Without the Fuss</em>\n      Tailwind CSS is an exciting new CSS framework that allows you to\n      design your site by composing simple utility classes to create complex\n      effects. With Tailwind, you can style your text, move your items on\n      the page, design complex page layouts, and adapt your design for\n      devices from a phone to a wide-screen monitor. With this book, you’ll\n      learn how to use the Tailwind for its flexibility and its consistency,\n      from the smallest detail of your typography to the entire design of\n      your site.\n      </p>"], ["image_url", "tailwind.jpg"], ["price", 18.95], ["created_at", "2023-01-23 09:39:53.466283"], ["updated_at", "2023-01-23 09:39:53.466283"]]
  [1m[36mTRANSACTION (1.0ms)[0m  [1m[36mcommit transaction[0m
Started GET "/products" for 127.0.0.1 at 2023-01-23 03:49:13 -0600
  [1m[36mActiveRecord::SchemaMigration Pluck (0.6ms)[0m  [1m[34mSELECT "schema_migrations"."version" FROM "schema_migrations" ORDER BY "schema_migrations"."version" ASC[0m
Processing by ProductsController#index as HTML
  Rendering layout layouts/application.html.erb
  Rendering products/index.html.erb within layouts/application
  [1m[36mProduct Load (0.6ms)[0m  [1m[34mSELECT "products".* FROM "products"[0m
  ↳ app/views/products/index.html.erb:21
  Rendered products/index.html.erb within layouts/application (Duration: 399.3ms | Allocations: 78947)
  Rendered layout layouts/application.html.erb (Duration: 427.7ms | Allocations: 99974)
Completed 200 OK in 450ms (Views: 431.7ms | ActiveRecord: 2.0ms | Allocations: 103713)


Started GET "/products/4" for 127.0.0.1 at 2023-01-23 03:51:06 -0600
Processing by ProductsController#show as HTML
  Parameters: {"id"=>"4"}
  [1m[36mProduct Load (1.1ms)[0m  [1m[34mSELECT "products".* FROM "products" WHERE "products"."id" = ? LIMIT ?[0m  [["id", 4], ["LIMIT", 1]]
  ↳ app/controllers/products_controller.rb:63:in `set_product'
  Rendering layout layouts/application.html.erb
  Rendering products/show.html.erb within layouts/application
  Rendered products/_product.html.erb (Duration: 4.4ms | Allocations: 364)
  Rendered products/show.html.erb within layouts/application (Duration: 9.9ms | Allocations: 1648)
  Rendered layout layouts/application.html.erb (Duration: 33.6ms | Allocations: 8413)
Completed 200 OK in 56ms (Views: 34.4ms | ActiveRecord: 1.1ms | Allocations: 13454)


Started GET "/products" for 127.0.0.1 at 2023-01-23 03:51:10 -0600
Processing by ProductsController#index as HTML
  Rendering layout layouts/application.html.erb
  Rendering products/index.html.erb within layouts/application
  [1m[36mProduct Load (0.2ms)[0m  [1m[34mSELECT "products".* FROM "products"[0m
  ↳ app/views/products/index.html.erb:21
  Rendered products/index.html.erb within layouts/application (Duration: 20.6ms | Allocations: 4129)
  Rendered layout layouts/application.html.erb (Duration: 32.9ms | Allocations: 10647)
Completed 200 OK in 35ms (Views: 33.9ms | ActiveRecord: 0.2ms | Allocations: 10964)


Started GET "/products/4/edit" for 127.0.0.1 at 2023-01-23 03:51:12 -0600
Processing by ProductsController#edit as HTML
  Parameters: {"id"=>"4"}
  [1m[36mProduct Load (0.1ms)[0m  [1m[34mSELECT "products".* FROM "products" WHERE "products"."id" = ? LIMIT ?[0m  [["id", 4], ["LIMIT", 1]]
  ↳ app/controllers/products_controller.rb:63:in `set_product'
  Rendering layout layouts/application.html.erb
  Rendering products/edit.html.erb within layouts/application
  Rendered products/_form.html.erb (Duration: 30.4ms | Allocations: 3811)
  Rendered products/edit.html.erb within layouts/application (Duration: 32.0ms | Allocations: 4195)
  Rendered layout layouts/application.html.erb (Duration: 41.8ms | Allocations: 11085)
Completed 200 OK in 44ms (Views: 42.3ms | ActiveRecord: 0.1ms | Allocations: 11939)


Started GET "/products" for 127.0.0.1 at 2023-01-23 03:51:15 -0600
Processing by ProductsController#index as HTML
  Rendering layout layouts/application.html.erb
  Rendering products/index.html.erb within layouts/application
  [1m[36mProduct Load (0.1ms)[0m  [1m[34mSELECT "products".* FROM "products"[0m
  ↳ app/views/products/index.html.erb:21
  Rendered products/index.html.erb within layouts/application (Duration: 11.4ms | Allocations: 4083)
  Rendered layout layouts/application.html.erb (Duration: 23.3ms | Allocations: 10606)
Completed 200 OK in 25ms (Views: 23.7ms | ActiveRecord: 0.1ms | Allocations: 10929)


  [1m[36mActiveRecord::SchemaMigration Pluck (0.6ms)[0m  [1m[34mSELECT "schema_migrations"."version" FROM "schema_migrations" ORDER BY "schema_migrations"."version" ASC[0m
  [1m[36mActiveRecord::SchemaMigration Pluck (0.1ms)[0m  [1m[34mSELECT "schema_migrations"."version" FROM "schema_migrations" ORDER BY "schema_migrations"."version" ASC[0m
  [1m[36mActiveRecord::SchemaMigration Pluck (0.1ms)[0m  [1m[34mSELECT "schema_migrations"."version" FROM "schema_migrations" ORDER BY "schema_migrations"."version" ASC[0m
  [1m[36mActiveRecord::SchemaMigration Pluck (0.1ms)[0m  [1m[34mSELECT "schema_migrations"."version" FROM "schema_migrations" ORDER BY "schema_migrations"."version" ASC[0m
Migrating to CreateProducts (20230123084747)
  [1m[36mTRANSACTION (0.1ms)[0m  [1m[36mbegin transaction[0m
  [1m[35m (1.5ms)[0m  [1m[35mDROP TABLE "products"[0m
  [1m[36mActiveRecord::SchemaMigration Delete All (0.7ms)[0m  [1m[31mDELETE FROM "schema_migrations" WHERE "schema_migrations"."version" = ?[0m  [["version", "20230123084747"]]
  [1m[36mTRANSACTION (1.2ms)[0m  [1m[36mcommit transaction[0m
  [1m[36mActiveRecord::SchemaMigration Pluck (0.1ms)[0m  [1m[34mSELECT "schema_migrations"."version" FROM "schema_migrations" ORDER BY "schema_migrations"."version" ASC[0m
  [1m[36mActiveRecord::SchemaMigration Pluck (0.6ms)[0m  [1m[34mSELECT "schema_migrations"."version" FROM "schema_migrations" ORDER BY "schema_migrations"."version" ASC[0m
Migrating to CreateProducts (20230123084747)
  [1m[36mTRANSACTION (0.1ms)[0m  [1m[36mbegin transaction[0m
  [1m[35m (1.4ms)[0m  [1m[35mCREATE TABLE "products" ("id" integer PRIMARY KEY AUTOINCREMENT NOT NULL, "title" varchar, "description" text, "image_url" varchar, "price" decimal, "created_at" datetime(6) NOT NULL, "updated_at" datetime(6) NOT NULL)[0m
  [1m[36mActiveRecord::SchemaMigration Create (0.7ms)[0m  [1m[32mINSERT INTO "schema_migrations" ("version") VALUES (?)[0m  [["version", "20230123084747"]]
  [1m[36mTRANSACTION (1.1ms)[0m  [1m[36mcommit transaction[0m
  [1m[36mActiveRecord::InternalMetadata Load (1.0ms)[0m  [1m[34mSELECT "ar_internal_metadata".* FROM "ar_internal_metadata" WHERE "ar_internal_metadata"."key" = ? LIMIT ?[0m  [["key", "environment"], ["LIMIT", 1]]
  [1m[36mActiveRecord::SchemaMigration Pluck (0.1ms)[0m  [1m[34mSELECT "schema_migrations"."version" FROM "schema_migrations" ORDER BY "schema_migrations"."version" ASC[0m
Started GET "/products/new" for 127.0.0.1 at 2023-01-23 14:09:09 -0600
  [1m[36mActiveRecord::SchemaMigration Pluck (0.6ms)[0m  [1m[34mSELECT "schema_migrations"."version" FROM "schema_migrations" ORDER BY "schema_migrations"."version" ASC[0m
Processing by ProductsController#new as HTML
  Rendering layout layouts/application.html.erb
  Rendering products/new.html.erb within layouts/application
  Rendered products/_form.html.erb (Duration: 91.5ms | Allocations: 4063)
  Rendered products/new.html.erb within layouts/application (Duration: 94.2ms | Allocations: 4645)
  Rendered layout layouts/application.html.erb (Duration: 297.9ms | Allocations: 58523)
Completed 200 OK in 331ms (Views: 304.8ms | ActiveRecord: 0.8ms | Allocations: 67356)


Started POST "/products" for 127.0.0.1 at 2023-01-23 14:09:13 -0600
Processing by ProductsController#create as TURBO_STREAM
  Parameters: {"authenticity_token"=>"[FILTERED]", "product"=>{"title"=>"", "description"=>"", "image_url"=>"", "price"=>""}, "commit"=>"Create Product"}
  Rendering layout layouts/application.html.erb
  Rendering products/new.html.erb within layouts/application
  Rendered products/_form.html.erb (Duration: 6.6ms | Allocations: 4457)
  Rendered products/new.html.erb within layouts/application (Duration: 6.9ms | Allocations: 4563)
  Rendered layout layouts/application.html.erb (Duration: 15.6ms | Allocations: 11324)
Completed 422 Unprocessable Entity in 19ms (Views: 16.2ms | ActiveRecord: 0.0ms | Allocations: 12948)


Started GET "/products/new" for 127.0.0.1 at 2023-01-23 14:11:00 -0600
Processing by ProductsController#new as HTML
  Rendering layout layouts/application.html.erb
  Rendering products/new.html.erb within layouts/application
  Rendered products/_form.html.erb (Duration: 4.0ms | Allocations: 1762)
  Rendered products/new.html.erb within layouts/application (Duration: 4.4ms | Allocations: 1886)
  Rendered layout layouts/application.html.erb (Duration: 50.7ms | Allocations: 22555)
Completed 200 OK in 65ms (Views: 53.0ms | ActiveRecord: 1.1ms | Allocations: 26236)


Started POST "/products" for 127.0.0.1 at 2023-01-23 14:11:05 -0600
Processing by ProductsController#create as TURBO_STREAM
  Parameters: {"authenticity_token"=>"[FILTERED]", "product"=>{"title"=>"", "description"=>"", "image_url"=>"", "price"=>""}, "commit"=>"Create Product"}
  Rendering layout layouts/application.html.erb
  Rendering products/new.html.erb within layouts/application
  Rendered products/_form.html.erb (Duration: 7.2ms | Allocations: 5229)
  Rendered products/new.html.erb within layouts/application (Duration: 7.7ms | Allocations: 5327)
  Rendered layout layouts/application.html.erb (Duration: 28.6ms | Allocations: 12172)
Completed 422 Unprocessable Entity in 32ms (Views: 29.2ms | ActiveRecord: 0.0ms | Allocations: 13938)


Started POST "/products" for 127.0.0.1 at 2023-01-23 14:11:12 -0600
Processing by ProductsController#create as TURBO_STREAM
  Parameters: {"authenticity_token"=>"[FILTERED]", "product"=>{"title"=>"", "description"=>"", "image_url"=>"", "price"=>"0"}, "commit"=>"Create Product"}
  Rendering layout layouts/application.html.erb
  Rendering products/new.html.erb within layouts/application
  Rendered products/_form.html.erb (Duration: 8.2ms | Allocations: 5233)
  Rendered products/new.html.erb within layouts/application (Duration: 8.4ms | Allocations: 5331)
  Rendered layout layouts/application.html.erb (Duration: 18.1ms | Allocations: 11990)
Completed 422 Unprocessable Entity in 24ms (Views: 18.9ms | ActiveRecord: 0.0ms | Allocations: 13143)


